Arguments: 
  /usr/local/bin/node /opt/yarn/bin/yarn.js

PATH: 
  /bundle/bin:/usr/local/bundle/bin:/usr/local/sbin:/usr/local/bin:/usr/sbin:/usr/bin:/sbin:/bin

Yarn version: 
  1.22.18

Node version: 
  16.15.0

Platform: 
  linux x64

Trace: 
  SyntaxError: /myapp/package.json: Unexpected token } in JSON at position 40
      at JSON.parse (<anonymous>)
      at /opt/yarn/lib/cli.js:1625:59
      at Generator.next (<anonymous>)
      at step (/opt/yarn/lib/cli.js:310:30)
      at /opt/yarn/lib/cli.js:321:13

npm manifest: 
  {
    "name": "app",
    "private": "true",
  }

yarn manifest: 
  No manifest

Lockfile: 
  No lockfile
